c:\users\public\php-2\server\modules\database\MySQL-5.5\bin\mysqld.exe, Version: 5.5.41-log (MySQL Community Server (GPL)). started with:
TCP Port: 3306, Named Pipe: (null)
Time                 Id Command    Argument
160404 13:03:12	    1 Connect	ODBC@localhost on 
		    1 Connect	Access denied for user 'ODBC'@'localhost' (using password: NO)
160404 13:04:00	    2 Connect	ODBC@localhost on 
		    2 Connect	Access denied for user 'ODBC'@'localhost' (using password: NO)
160404 13:07:12	    3 Connect	ODBC@localhost on 
		    3 Connect	Access denied for user 'ODBC'@'localhost' (using password: NO)
160404 13:07:23	    4 Connect	root@localhost on test
160404 13:07:45	    5 Connect	root@localhost on mysql
		    5 Quit	
160404 13:08:42	    6 Connect	ODBC@localhost on 
		    6 Connect	Access denied for user 'ODBC'@'localhost' (using password: NO)
160404 13:09:44	    7 Connect	root@localhost on mysql
		    7 Query	SELECT * FROM users
		    7 Quit	
160404 13:10:01	    8 Connect	root@localhost on mysql
		    8 Query	SELECT * FROM users
		    8 Quit	
160404 13:10:09	    9 Connect	root@localhost on mysql
		    9 Query	SELECT * FROM user
		    9 Quit	
160404 13:12:55	   10 Connect	root@localhost on 
		   10 Query	select @@version_comment limit 1
160404 13:13:24	   11 Connect	root@localhost on 
		   11 Query	select @@version_comment limit 1
160404 13:13:46	   12 Connect	root@localhost on 
		   12 Query	select @@version_comment limit 1
160404 13:13:53	   12 Query	show tables
160404 13:13:59	   12 Query	SELECT DATABASE()
		   12 Init DB	mysql
160404 13:14:01	   12 Query	show tables
160404 13:14:07	   12 Quit	
