1681875376|/index.php|http://localhost:8000/index.php?page=infos
1681875378|/index.php?page=log|http://localhost:8000/index.php
1681875382|/index.php?page=log|http://localhost:8000/index.php?page=log
1681875383|/index.php?page=guest-book|http://localhost:8000/index.php?page=log
1681875385|/index.php?page=online-test|http://localhost:8000/index.php?page=guest-book
1681875387|/index.php?page=contact|http://localhost:8000/index.php?page=online-test
1681875388|/index.php|http://localhost:8000/index.php?page=contact
1681875389|/index.php?page=contact|http://localhost:8000/index.php
1681875392|/index.php?page=contact|http://localhost:8000/index.php?page=contact
1681875394|/index.php?page=infos|http://localhost:8000/index.php?page=contact
1681875736|/index.php|http://localhost:8000/index.php?page=guest-book
1681875737|/index.php?page=contact|http://localhost:8000/index.php
1681875739|/index.php?page=about|http://localhost:8000/index.php?page=contact
1681875740|/index.php?page=infos|http://localhost:8000/index.php?page=about
1681875752|/index.php?page=contact|http://localhost:8000/index.php?page=infos
1681875753|/index.php?page=infos|http://localhost:8000/index.php?page=contact
1681876086|/index.php?page=infos|http://localhost:8000/index.php?page=contact
1681876087|/index.php|http://localhost:8000/index.php?page=infos
1681876088|/index.php?page=contact|http://localhost:8000/index.php
1681876090|/index.php?page=contact|http://localhost:8000/index.php?page=contact
1681876091|/index.php?page=about|http://localhost:8000/index.php?page=contact
1681876214|/index.php?page=about|http://localhost:8000/index.php?page=contact
1681876245|/index.php?page=about|http://localhost:8000/index.php?page=contact
1681876250|/index.php?page=contact|http://localhost:8000/index.php?page=about
1681876251|/index.php?page=about|http://localhost:8000/index.php?page=contact
1681876252|/index.php?page=info|http://localhost:8000/index.php?page=about
1681876263|/index.php?page=contact|http://localhost:8000/index.php?page=info
1681876265|/index.php?page=about|http://localhost:8000/index.php?page=contact
1681876266|/index.php?page=info|http://localhost:8000/index.php?page=about
1681876285|/index.php?page=info|http://localhost:8000/index.php?page=about
1681876324|/index.php?page=info|http://localhost:8000/index.php?page=about
1681876325|/index.php?page=contact|http://localhost:8000/index.php?page=info
1681876326|/index.php?page=about|http://localhost:8000/index.php?page=contact
1681876328|/index.php?page=info|http://localhost:8000/index.php?page=about
1681876329|/index.php?page=online-test|http://localhost:8000/index.php?page=info
1681876331|/index.php?page=guestbook|http://localhost:8000/index.php?page=online-test
1681876332|/index.php?page=eshop|http://localhost:8000/index.php?page=guestbook
1681876359|/index.php?page=eshop|http://localhost:8000/index.php?page=guestbook
1681876361|/index.php?page=contact|http://localhost:8000/index.php?page=eshop
1681876362|/index.php?page=about|http://localhost:8000/index.php?page=contact
1681876363|/index.php?page=info|http://localhost:8000/index.php?page=about
1681876364|/index.php?page=online-test|http://localhost:8000/index.php?page=info
1681876414|/index.php?page=online-test|http://localhost:8000/index.php?page=info
1681876416|/index.php?page=contact|http://localhost:8000/index.php?page=online-test
1681876417|/index.php?page=about|http://localhost:8000/index.php?page=contact
1681876440|/index.php?page=log|http://localhost:8000/index.php?page=about
1681876442|/index.php?page=eshop|http://localhost:8000/index.php?page=log
1681876444|/index.php?page=log|http://localhost:8000/index.php?page=eshop
1681876558|/index.php?page=log|http://localhost:8000/index.php?page=eshop
1681876560|/index.php?page=contact|http://localhost:8000/index.php?page=log
1681876561|/index.php?page=about|http://localhost:8000/index.php?page=contact
1681876562|/index.php?page=info|http://localhost:8000/index.php?page=about
1681876563|/index.php?page=online-test|http://localhost:8000/index.php?page=info
1681876564|/index.php?page=guestbook|http://localhost:8000/index.php?page=online-test
1681876705|/index.php?page=online-test|http://localhost:8000/index.php?page=info
1681876706|/index.php?page=contact|http://localhost:8000/index.php?page=online-test
1681876707|/index.php?page=about|http://localhost:8000/index.php?page=contact
1681876708|/index.php?page=info|http://localhost:8000/index.php?page=about
1681876799|/index.php?page=info|http://localhost:8000/index.php?page=about
1681876801|/index.php?page=contact|http://localhost:8000/index.php?page=info
1681876802|/index.php?page=about|http://localhost:8000/index.php?page=contact
1681876803|/index.php?page=info|http://localhost:8000/index.php?page=about
1681876804|/index.php?page=online-test|http://localhost:8000/index.php?page=info
1681876804|/index.php?page=guestbook|http://localhost:8000/index.php?page=online-test
1681876806|/index.php?page=eshop|http://localhost:8000/index.php?page=guestbook
1681876807|/index.php?page=log|http://localhost:8000/index.php?page=eshop
1681876809|/index.php?page=guestbook|http://localhost:8000/index.php?page=log
1681876828|/index.php?page=guestbook|http://localhost:8000/index.php?page=log
1681876830|/index.php?page=contact|http://localhost:8000/index.php?page=guestbook
1681876832|/index.php?page=info|http://localhost:8000/index.php?page=contact
1681876833|/index.php?page=online-test|http://localhost:8000/index.php?page=info
1681876844|/index.php|
1681876846|/index.php?page=info|http://localhost:8000/index.php
1681876874|/index.php?page=info|http://localhost:8000/index.php
1681876876|/index.php?page=contact|http://localhost:8000/index.php?page=info
1681877108|/index.php?page=contact|http://localhost:8000/index.php?page=info
1681877110|/index.php|http://localhost:8000/index.php?page=contact
1681877113|/index.php?id=contact|http://localhost:8000/index.php
1681877115|/index.php?id=about|http://localhost:8000/index.php?id=contact
1681877116|/index.php|http://localhost:8000/index.php?id=about
1681877117|/index.php?id=info|http://localhost:8000/index.php
1681877119|/index.php?id=guestbook|http://localhost:8000/index.php?id=info
1681877122|/index.php?id=guestbook|http://localhost:8000/index.php?id=guestbook
1681877154|/index.php|http://localhost:8000/index.php?id=guestbook
1681877155|/index.php?id=contact|http://localhost:8000/index.php
1681877157|/index.php?id=about|http://localhost:8000/index.php?id=contact
1681877158|/index.php?id=info|http://localhost:8000/index.php?id=about
1681877160|/index.php?id=info|http://localhost:8000/index.php?id=info
1681877161|/index.php?id=online-test|http://localhost:8000/index.php?id=info
1681877163|/index.php?id=guestbook|http://localhost:8000/index.php?id=online-test
1681877205|/index.php?id=guestbook|http://localhost:8000/index.php?id=online-test
1681877207|/index.php?id=guestbook|http://localhost:8000/index.php?id=guestbook
1681877210|/index.php?id=eshop|http://localhost:8000/index.php?id=guestbook
1681877211|/index.php?id=log|http://localhost:8000/index.php?id=eshop
1681877213|/index.php?id=guestbook|http://localhost:8000/index.php?id=log
1681877238|/index.php?id=guestbook|http://localhost:8000/index.php?id=log
1681877243|/index.php?id=eshop|http://localhost:8000/index.php?id=guestbook
1681877244|/index.php?id=log|http://localhost:8000/index.php?id=eshop
1681877517|/index.php?id=contact|http://localhost:8000/index.php?id=log
1681877610|/index.php?id=contact|http://localhost:8000/index.php?id=log
1681877632|/index.php?id=contact|http://localhost:8000/index.php?id=contact
1681877633|/index.php?id=about|http://localhost:8000/index.php?id=contact
1681877865|/index.php?id=about|
1681878028|/index.php?id=about|
1681878776|/index.php?id=about|
1681878780|/index.php?id=info|http://localhost:8000/index.php?id=about
1681878796|/index.php?id=info|http://localhost:8000/index.php?id=about
1681878803|/index.php?id=info|http://localhost:8000/index.php?id=about
1681879035|/index.php?id=info|
1681879038|/index.php?id=contact|http://localhost:8000/index.php?id=info
1681879039|/index.php?id=about|http://localhost:8000/index.php?id=contact
1681879043|/index.php?id=info|http://localhost:8000/index.php?id=about
1681879044|/index.php?id=online-test|http://localhost:8000/index.php?id=info
1681879046|/index.php?id=guestbook|http://localhost:8000/index.php?id=online-test
1681879048|/index.php?id=eshop|http://localhost:8000/index.php?id=guestbook
1681879050|/index.php?id=log|http://localhost:8000/index.php?id=eshop
1681879051|/index.php|http://localhost:8000/index.php?id=log
1681879053|/index.php|http://localhost:8000/index.php
1681879057|/index.php?id=contact|http://localhost:8000/index.php
1681879058|/index.php?id=about|http://localhost:8000/index.php?id=contact
1681879059|/index.php?id=info|http://localhost:8000/index.php?id=about
1681879060|/index.php?id=online-test|http://localhost:8000/index.php?id=info
