160303 17:32:06 [Note] c:\openserver\modules\database\MySQL-5.5\bin\mysqld.exe (mysqld 5.5.45-log) starting as process 26992 ...
160303 17:32:06 [Note] Plugin 'FEDERATED' is disabled.
160303 17:32:06 InnoDB: The InnoDB memory heap is disabled
160303 17:32:06 InnoDB: Mutexes and rw_locks use Windows interlocked functions
160303 17:32:06 InnoDB: Compressed tables use zlib 1.2.3
160303 17:32:06 InnoDB: Initializing buffer pool, size = 20.0M
160303 17:32:06 InnoDB: Completed initialization of buffer pool
160303 17:32:06 InnoDB: highest supported file format is Barracuda.
160303 17:32:06  InnoDB: Waiting for the background threads to start
160303 17:32:07 InnoDB: 5.5.45 started; log sequence number 1595675
160303 17:32:07 [Note] Server hostname (bind-address): '127.0.0.1'; port: 3306
160303 17:32:07 [Note]   - '127.0.0.1' resolves to '127.0.0.1';
160303 17:32:07 [Note] Server socket created on IP: '127.0.0.1'.
160303 17:32:08 [Note] Event Scheduler: Loaded 0 events
160303 17:32:08 [Note] c:\openserver\modules\database\MySQL-5.5\bin\mysqld.exe: ready for connections.
Version: '5.5.45-log'  socket: ''  port: 3306  MySQL Community Server (GPL)
160303 17:33:24 [Note] c:\openserver\modules\database\MySQL-5.5\bin\mysqld.exe: Normal shutdown

160303 17:33:24 [Note] Event Scheduler: Purging the queue. 0 events
160303 17:33:24  InnoDB: Starting shutdown...
160303 17:33:24  InnoDB: Shutdown completed; log sequence number 1595675
160303 17:33:24 [Note] c:\openserver\modules\database\MySQL-5.5\bin\mysqld.exe: Shutdown complete

